<?xml version="1.0" encoding="UTF-8"?>
<!-- Generated by org.testng.reporters.JUnitXMLReporter -->
<testsuite hostname="DESKTOP-BO8TEUU" ignored="0" name="All Test Suite" tests="5" failures="0" timestamp="2019-11-20T11:40:14 CST" time="0.102" errors="0">
  <testcase name="testUserLogin" time="0.02" classname="XunitTest.LoginTest"/>
  <testcase name="testUserLogin" time="0.0" classname="XunitTest.LoginTest"/>
  <testcase name="testUserLogin" time="0.0" classname="XunitTest.LoginTest"/>
  <testcase name="testUserLogin" time="0.0" classname="XunitTest.LoginTest"/>
  <testcase name="testUserLogin" time="0.0" classname="XunitTest.LoginTest"/>
</testsuite> <!-- All Test Suite -->
